
════════════════════════════════════════════════════════════
   HEARTBREAKER — Second-Stage Multimodal ECG Classifier
════════════════════════════════════════════════════════════
Metadata matrix: 2000 records × 23 static features
  Continuous features: age, height, weight, bmi
  Binary flags:        sex, validated_by_human, has_* noise/drift/electrode flags
  One-hot:             heart_axis (9 buckets)
  Text reports:        2000 non-empty (include_text=True)
  Class balance:       Normal=1000, Abnormal=1000

Loading raw ECG signals...
  Loaded 400 signals...
  Loaded 800 signals...
  Loaded 1200 signals...
  Loaded 1600 signals...
  Loaded 2000 signals...
  Valid signals: 2000  (Normal=1000, Abnormal=1000)

Loaded ECG model: binary_1d_ecg_model.h5
  Total layers: 27
  Input shape:  (None, 1000, 12)
  Output shape: (None, 1)
  Encoder output: 'global_average_pooling1d_5'  shape=(None, 128)

Extracting ECG embeddings (frozen encoder)...
  ECG embedding matrix: (2000, 128)
  ECG raw probabilities extracted: shape=(2000,)

────────────────────────────────────────────────────────────
Starting 5-Fold Patient-Disjoint CV
────────────────────────────────────────────────────────────

──────────────────────────────────────────────────
  Fold 1/5
  [leakage audit] Dropping 14 TF-IDF terms: ['abnorm', 'ecg', 'ekg', 'in', 'infarkt', 'inferiorer infarkt', 'linkstyp', 'normal', 'normal ecg', 'normal normales']...
  [meta-preproc] Train shape: (1280, 89) (23 structured + 66 text features)
  [Tier 1] Training probability-level fusion...
    Tier-1 threshold: 0.7165
    AUC=0.9863  Sens=0.8750  Spec=0.9800
  [Tier 2] Training embedding-level fusion MLP...
    Tier-2 threshold: 0.8008
    AUC=0.9890  Sens=0.8900  Spec=0.9850

──────────────────────────────────────────────────
  Fold 2/5
  [leakage audit] Dropping 15 TF-IDF terms: ['abnorm', 'ecg', 'ekg', 'in', 'infarkt', 'infarkt wahrscheinlich', 'inferiorer infarkt', 'linkstyp', 'normal', 'normal ecg']...
  [meta-preproc] Train shape: (1280, 88) (23 structured + 65 text features)
  [Tier 1] Training probability-level fusion...
    Tier-1 threshold: 0.8849
    AUC=0.9878  Sens=0.7750  Spec=1.0000
  [Tier 2] Training embedding-level fusion MLP...
    Tier-2 threshold: 0.9273
    AUC=0.9843  Sens=0.8350  Spec=0.9850

──────────────────────────────────────────────────
  Fold 3/5
  [leakage audit] Dropping 13 TF-IDF terms: ['abnorm', 'ecg', 'ekg', 'infarkt', 'inferiorer infarkt', 'linkstyp', 'normal', 'normal ecg', 'normal normales', 'normales']...
  [meta-preproc] Train shape: (1280, 90) (23 structured + 67 text features)
  [Tier 1] Training probability-level fusion...
    Tier-1 threshold: 0.5124
    AUC=0.9891  Sens=0.9250  Spec=0.9600
  [Tier 2] Training embedding-level fusion MLP...
    Tier-2 threshold: 0.7801
    AUC=0.9899  Sens=0.9300  Spec=0.9550

──────────────────────────────────────────────────
  Fold 4/5
  [leakage audit] Dropping 14 TF-IDF terms: ['abnorm', 'ecg', 'ekg', 'infarkt', 'infarkt wahrscheinlich', 'inferiorer infarkt', 'linkstyp', 'normal', 'normal ecg', 'normal normales']...
  [meta-preproc] Train shape: (1280, 89) (23 structured + 66 text features)
  [Tier 1] Training probability-level fusion...
    Tier-1 threshold: 0.8010
    AUC=0.9867  Sens=0.8650  Spec=0.9800
  [Tier 2] Training embedding-level fusion MLP...
    Tier-2 threshold: 0.7502
    AUC=0.9767  Sens=0.8550  Spec=0.9750

──────────────────────────────────────────────────
  Fold 5/5
  [leakage audit] Dropping 14 TF-IDF terms: ['abnorm', 'ecg', 'ekg', 'infarkt', 'inferiorer infarkt', 'linkstyp', 'normal', 'normal ecg', 'normal normales', 'normales']...
  [meta-preproc] Train shape: (1280, 89) (23 structured + 66 text features)
  [Tier 1] Training probability-level fusion...
    Tier-1 threshold: 0.5144
    AUC=0.9900  Sens=0.9150  Spec=0.9750
  [Tier 2] Training embedding-level fusion MLP...
    Tier-2 threshold: 0.8983
    AUC=0.9896  Sens=0.8800  Spec=0.9800

════════════════════════════════════════════════════════════
  AGGREGATE OOF RESULTS
════════════════════════════════════════════════════════════

  ── ECG-Only Baseline (reference, not re-run) ──
  roc_auc: 0.9192
  pr_auc: 0.9241
  sensitivity: 0.8480
  specificity: 0.8400

  ── Heartbreaker Tier 1 — Probability Fusion (LR) ──
  ROC-AUC:     0.9878  (95% CI: 0.9847–0.9909)
  PR-AUC:      0.9887   (95% CI: 0.9856–0.9915)
  Sensitivity: 0.8710  (95% CI: 0.8502–0.8931)
  Specificity: 0.9790  (95% CI: 0.9702–0.9868)
  Accuracy:    0.9250
  Brier:       0.0459  (95% CI: 0.0402–0.0515)
  ECE:         0.0506
  vs ECG-only baseline:  ΔAUC=+0.0686  ΔSens=+0.0230  ΔSpec=+0.1390

  ── Heartbreaker Tier 2 — Embedding Fusion (MLP) ──
  ROC-AUC:     0.9797  (95% CI: 0.9740–0.9852)
  PR-AUC:      0.9823   (95% CI: 0.9769–0.9871)
  Sensitivity: 0.8780  (95% CI: 0.8587–0.8978)
  Specificity: 0.9760  (95% CI: 0.9667–0.9845)
  Accuracy:    0.9270
  Brier:       0.0476  (95% CI: 0.0406–0.0548)
  ECE:         0.0370
  vs ECG-only baseline:  ΔAUC=+0.0605  ΔSens=+0.0300  ΔSpec=+0.1360

════════════════════════════════════════════════════════════
  ACCEPTANCE DECISION
════════════════════════════════════════════════════════════

  Heartbreaker Tier 1 — Probability Fusion (LR)
    Sens ≥ 0.85: ✅  |  AUC↑: ✅  |  PR-AUC↑: ✅  |  Spec↑: ✅
    → ✅ ACCEPT

  Heartbreaker Tier 2 — Embedding Fusion (MLP)
    Sens ≥ 0.85: ✅  |  AUC↑: ✅  |  PR-AUC↑: ✅  |  Spec↑: ✅
    → ✅ ACCEPT

  Results saved to docs/heartbreaker_results.txt
